<?xml version="1.0" encoding="UTF-8"?>
<!-- Generated by org.testng.reporters.JUnitXMLReporter -->
<testsuite ignored="0" hostname="DESKTOP-8E4954A" failures="0" tests="3" name="RBCTest2" time="143.084" errors="0" timestamp="13 Nov. 2022 15:22:35 GMT">
  <testcase classname="rahulshettyacademy.TestComponents.RBCTest2" name="submitOrder" time="14.335"/>
  <testcase classname="rahulshettyacademy.TestComponents.RBCTest2" name="submitOrder" time="12.125"/>
  <testcase classname="rahulshettyacademy.TestComponents.RBCTest2" name="submitOrder" time="29.667"/>
</testsuite> <!-- RBCTest2 -->
