<?xml version="1.0" encoding="UTF-8"?>
<!-- Generated by org.testng.reporters.JUnitXMLReporter -->
<testsuite ignored="0" hostname="DESKTOP-8E4954A" failures="3" tests="3" name="RBCTest1" time="139.854" errors="0" timestamp="13 Nov. 2022 15:22:32 GMT">
  <testcase classname="rahulshettyacademy.TestComponents.RBCTest1" name="submitOrder" time="18.265">
    <failure type="org.openqa.selenium.StaleElementReferenceException" message="stale element reference: element is not attached to the page document
  (Session info: MicrosoftEdge=107.0.1418.42)
For documentation on this error, please visit: https://selenium.dev/exceptions/#stale_element_reference
Build info: version: &amp;apos;4.3.0&amp;apos;, revision: &amp;apos;a4995e2c09*&amp;apos;
System info: host: &amp;apos;DESKTOP-8E4954A&amp;apos;, ip: &amp;apos;192.168.0.35&amp;apos;, os.name: &amp;apos;Windows 10&amp;apos;, os.arch: &amp;apos;amd64&amp;apos;, os.version: &amp;apos;10.0&amp;apos;, java.version: &amp;apos;18.0.2.1&amp;apos;
Driver info: org.openqa.selenium.edge.EdgeDriver
Command: [2f0fa17dc309c0ddfd9a1f58357b4a67, clickElement {id=6d236d2b-0d4c-433f-b069-e3cbfb21714a}]
Capabilities {acceptInsecureCerts: false, browserName: msedge, browserVersion: 107.0.1418.42, ms:edgeOptions: {debuggerAddress: localhost:49300}, msedge: {msedgedriverVersion: 106.0.1370.47 (4e0bb7311a0a..., userDataDir: C:\Users\SHREYP~1\AppData\L...}, networkConnectionEnabled: false, pageLoadStrategy: normal, platformName: WINDOWS, proxy: Proxy(), se:cdp: ws://localhost:49300/devtoo..., se:cdpVersion: 107.0.1418.42, setWindowRect: true, strictFileInteractability: false, timeouts: {implicit: 0, pageLoad: 300000, script: 30000}, unhandledPromptBehavior: dismiss and notify, webauthn:extension:credBlob: true, webauthn:extension:largeBlob: true, webauthn:virtualAuthenticators: true}
Element: [[EdgeDriver: msedge on WINDOWS (2f0fa17dc309c0ddfd9a1f58357b4a67)] -&amp;gt; id: total_debt]
Session ID: 2f0fa17dc309c0ddfd9a1f58357b4a67">
      <![CDATA[org.openqa.selenium.StaleElementReferenceException: stale element reference: element is not attached to the page document
  (Session info: MicrosoftEdge=107.0.1418.42)
For documentation on this error, please visit: https://selenium.dev/exceptions/#stale_element_reference
Build info: version: '4.3.0', revision: 'a4995e2c09*'
System info: host: 'DESKTOP-8E4954A', ip: '192.168.0.35', os.name: 'Windows 10', os.arch: 'amd64', os.version: '10.0', java.version: '18.0.2.1'
Driver info: org.openqa.selenium.edge.EdgeDriver
Command: [2f0fa17dc309c0ddfd9a1f58357b4a67, clickElement {id=6d236d2b-0d4c-433f-b069-e3cbfb21714a}]
Capabilities {acceptInsecureCerts: false, browserName: msedge, browserVersion: 107.0.1418.42, ms:edgeOptions: {debuggerAddress: localhost:49300}, msedge: {msedgedriverVersion: 106.0.1370.47 (4e0bb7311a0a..., userDataDir: C:\Users\SHREYP~1\AppData\L...}, networkConnectionEnabled: false, pageLoadStrategy: normal, platformName: WINDOWS, proxy: Proxy(), se:cdp: ws://localhost:49300/devtoo..., se:cdpVersion: 107.0.1418.42, setWindowRect: true, strictFileInteractability: false, timeouts: {implicit: 0, pageLoad: 300000, script: 30000}, unhandledPromptBehavior: dismiss and notify, webauthn:extension:credBlob: true, webauthn:extension:largeBlob: true, webauthn:virtualAuthenticators: true}
Element: [[EdgeDriver: msedge on WINDOWS (2f0fa17dc309c0ddfd9a1f58357b4a67)] -> id: total_debt]
Session ID: 2f0fa17dc309c0ddfd9a1f58357b4a67
at org.openqa.selenium.remote.codec.w3c.W3CHttpResponseCodec.createException(W3CHttpResponseCodec.java:200)
at org.openqa.selenium.remote.codec.w3c.W3CHttpResponseCodec.decode(W3CHttpResponseCodec.java:133)
at org.openqa.selenium.remote.codec.w3c.W3CHttpResponseCodec.decode(W3CHttpResponseCodec.java:53)
at org.openqa.selenium.remote.HttpCommandExecutor.execute(HttpCommandExecutor.java:184)
at org.openqa.selenium.remote.service.DriverCommandExecutor.invokeExecute(DriverCommandExecutor.java:167)
at org.openqa.selenium.remote.service.DriverCommandExecutor.execute(DriverCommandExecutor.java:142)
at org.openqa.selenium.remote.RemoteWebDriver.execute(RemoteWebDriver.java:569)
at org.openqa.selenium.remote.RemoteWebElement.execute(RemoteWebElement.java:257)
at org.openqa.selenium.remote.RemoteWebElement.click(RemoteWebElement.java:78)
at org.openqa.selenium.support.pagefactory.internal.LocatingElementHandler.invoke(LocatingElementHandler.java:52)
at jdk.proxy2/jdk.proxy2.$Proxy19.click(Unknown Source)
at rahulshettyacademy.pageobjects.MAC.inputexpense(MAC.java:62)
at rahulshettyacademy.TestComponents.RBCTest1.submitOrder(RBCTest1.java:59)
at java.base/java.util.concurrent.FutureTask.run(FutureTask.java:264)
at java.base/java.util.concurrent.ThreadPoolExecutor.runWorker(ThreadPoolExecutor.java:1136)
at java.base/java.util.concurrent.ThreadPoolExecutor$Worker.run(ThreadPoolExecutor.java:635)
at java.base/java.lang.Thread.run(Thread.java:833)
... Removed 19 stack frames]]>
    </failure>
  </testcase> <!-- submitOrder -->
  <testcase classname="rahulshettyacademy.TestComponents.RBCTest1" name="submitOrder" time="13.719">
    <failure type="org.openqa.selenium.ElementNotInteractableException" message="element not interactable
  (Session info: MicrosoftEdge=107.0.1418.42)
Build info: version: &amp;apos;4.3.0&amp;apos;, revision: &amp;apos;a4995e2c09*&amp;apos;
System info: host: &amp;apos;DESKTOP-8E4954A&amp;apos;, ip: &amp;apos;192.168.0.35&amp;apos;, os.name: &amp;apos;Windows 10&amp;apos;, os.arch: &amp;apos;amd64&amp;apos;, os.version: &amp;apos;10.0&amp;apos;, java.version: &amp;apos;18.0.2.1&amp;apos;
Driver info: org.openqa.selenium.edge.EdgeDriver
Command: [ffecfbebeb6b7336e2373a2326b23394, clickElement {id=a38ef7a2-6e9c-4ad1-adf1-25ca139cd5d3}]
Capabilities {acceptInsecureCerts: false, browserName: msedge, browserVersion: 107.0.1418.42, ms:edgeOptions: {debuggerAddress: localhost:49531}, msedge: {msedgedriverVersion: 106.0.1370.47 (4e0bb7311a0a..., userDataDir: C:\Users\SHREYP~1\AppData\L...}, networkConnectionEnabled: false, pageLoadStrategy: normal, platformName: WINDOWS, proxy: Proxy(), se:cdp: ws://localhost:49531/devtoo..., se:cdpVersion: 107.0.1418.42, setWindowRect: true, strictFileInteractability: false, timeouts: {implicit: 0, pageLoad: 300000, script: 30000}, unhandledPromptBehavior: dismiss and notify, webauthn:extension:credBlob: true, webauthn:extension:largeBlob: true, webauthn:virtualAuthenticators: true}
Element: [[EdgeDriver: msedge on WINDOWS (ffecfbebeb6b7336e2373a2326b23394)] -&amp;gt; xpath: //a[text()=&amp;apos;Buy Your First Home&amp;apos;]]
Session ID: ffecfbebeb6b7336e2373a2326b23394">
      <![CDATA[org.openqa.selenium.ElementNotInteractableException: element not interactable
  (Session info: MicrosoftEdge=107.0.1418.42)
Build info: version: '4.3.0', revision: 'a4995e2c09*'
System info: host: 'DESKTOP-8E4954A', ip: '192.168.0.35', os.name: 'Windows 10', os.arch: 'amd64', os.version: '10.0', java.version: '18.0.2.1'
Driver info: org.openqa.selenium.edge.EdgeDriver
Command: [ffecfbebeb6b7336e2373a2326b23394, clickElement {id=a38ef7a2-6e9c-4ad1-adf1-25ca139cd5d3}]
Capabilities {acceptInsecureCerts: false, browserName: msedge, browserVersion: 107.0.1418.42, ms:edgeOptions: {debuggerAddress: localhost:49531}, msedge: {msedgedriverVersion: 106.0.1370.47 (4e0bb7311a0a..., userDataDir: C:\Users\SHREYP~1\AppData\L...}, networkConnectionEnabled: false, pageLoadStrategy: normal, platformName: WINDOWS, proxy: Proxy(), se:cdp: ws://localhost:49531/devtoo..., se:cdpVersion: 107.0.1418.42, setWindowRect: true, strictFileInteractability: false, timeouts: {implicit: 0, pageLoad: 300000, script: 30000}, unhandledPromptBehavior: dismiss and notify, webauthn:extension:credBlob: true, webauthn:extension:largeBlob: true, webauthn:virtualAuthenticators: true}
Element: [[EdgeDriver: msedge on WINDOWS (ffecfbebeb6b7336e2373a2326b23394)] -> xpath: //a[text()='Buy Your First Home']]
Session ID: ffecfbebeb6b7336e2373a2326b23394
at org.openqa.selenium.remote.codec.w3c.W3CHttpResponseCodec.createException(W3CHttpResponseCodec.java:200)
at org.openqa.selenium.remote.codec.w3c.W3CHttpResponseCodec.decode(W3CHttpResponseCodec.java:133)
at org.openqa.selenium.remote.codec.w3c.W3CHttpResponseCodec.decode(W3CHttpResponseCodec.java:53)
at org.openqa.selenium.remote.HttpCommandExecutor.execute(HttpCommandExecutor.java:184)
at org.openqa.selenium.remote.service.DriverCommandExecutor.invokeExecute(DriverCommandExecutor.java:167)
at org.openqa.selenium.remote.service.DriverCommandExecutor.execute(DriverCommandExecutor.java:142)
at org.openqa.selenium.remote.RemoteWebDriver.execute(RemoteWebDriver.java:569)
at org.openqa.selenium.remote.RemoteWebElement.execute(RemoteWebElement.java:257)
at org.openqa.selenium.remote.RemoteWebElement.click(RemoteWebElement.java:78)
at org.openqa.selenium.support.pagefactory.internal.LocatingElementHandler.invoke(LocatingElementHandler.java:52)
at jdk.proxy2/jdk.proxy2.$Proxy19.click(Unknown Source)
at rahulshettyacademy.pageobjects.Mortgages.clickBuyFHome(Mortgages.java:31)
at rahulshettyacademy.TestComponents.RBCTest1.submitOrder(RBCTest1.java:52)
at java.base/java.util.concurrent.FutureTask.run(FutureTask.java:264)
at java.base/java.util.concurrent.ThreadPoolExecutor.runWorker(ThreadPoolExecutor.java:1136)
at java.base/java.util.concurrent.ThreadPoolExecutor$Worker.run(ThreadPoolExecutor.java:635)
at java.base/java.lang.Thread.run(Thread.java:833)
... Removed 19 stack frames]]>
    </failure>
  </testcase> <!-- submitOrder -->
  <testcase classname="rahulshettyacademy.TestComponents.RBCTest1" name="submitOrder" time="25.045">
    <failure type="org.openqa.selenium.StaleElementReferenceException" message="stale element reference: element is not attached to the page document
  (Session info: MicrosoftEdge=107.0.1418.42)
For documentation on this error, please visit: https://selenium.dev/exceptions/#stale_element_reference
Build info: version: &amp;apos;4.3.0&amp;apos;, revision: &amp;apos;a4995e2c09*&amp;apos;
System info: host: &amp;apos;DESKTOP-8E4954A&amp;apos;, ip: &amp;apos;192.168.0.35&amp;apos;, os.name: &amp;apos;Windows 10&amp;apos;, os.arch: &amp;apos;amd64&amp;apos;, os.version: &amp;apos;10.0&amp;apos;, java.version: &amp;apos;18.0.2.1&amp;apos;
Driver info: org.openqa.selenium.edge.EdgeDriver
Command: [f2b2d12c1fd5ac282fd006d05efeb5b8, clickElement {id=7304f2b7-73ca-412e-aa2a-5c5195718531}]
Capabilities {acceptInsecureCerts: false, browserName: msedge, browserVersion: 107.0.1418.42, ms:edgeOptions: {debuggerAddress: localhost:49755}, msedge: {msedgedriverVersion: 106.0.1370.47 (4e0bb7311a0a..., userDataDir: C:\Users\SHREYP~1\AppData\L...}, networkConnectionEnabled: false, pageLoadStrategy: normal, platformName: WINDOWS, proxy: Proxy(), se:cdp: ws://localhost:49755/devtoo..., se:cdpVersion: 107.0.1418.42, setWindowRect: true, strictFileInteractability: false, timeouts: {implicit: 0, pageLoad: 300000, script: 30000}, unhandledPromptBehavior: dismiss and notify, webauthn:extension:credBlob: true, webauthn:extension:largeBlob: true, webauthn:virtualAuthenticators: true}
Element: [[EdgeDriver: msedge on WINDOWS (f2b2d12c1fd5ac282fd006d05efeb5b8)] -&amp;gt; id: total_debt]
Session ID: f2b2d12c1fd5ac282fd006d05efeb5b8">
      <![CDATA[org.openqa.selenium.StaleElementReferenceException: stale element reference: element is not attached to the page document
  (Session info: MicrosoftEdge=107.0.1418.42)
For documentation on this error, please visit: https://selenium.dev/exceptions/#stale_element_reference
Build info: version: '4.3.0', revision: 'a4995e2c09*'
System info: host: 'DESKTOP-8E4954A', ip: '192.168.0.35', os.name: 'Windows 10', os.arch: 'amd64', os.version: '10.0', java.version: '18.0.2.1'
Driver info: org.openqa.selenium.edge.EdgeDriver
Command: [f2b2d12c1fd5ac282fd006d05efeb5b8, clickElement {id=7304f2b7-73ca-412e-aa2a-5c5195718531}]
Capabilities {acceptInsecureCerts: false, browserName: msedge, browserVersion: 107.0.1418.42, ms:edgeOptions: {debuggerAddress: localhost:49755}, msedge: {msedgedriverVersion: 106.0.1370.47 (4e0bb7311a0a..., userDataDir: C:\Users\SHREYP~1\AppData\L...}, networkConnectionEnabled: false, pageLoadStrategy: normal, platformName: WINDOWS, proxy: Proxy(), se:cdp: ws://localhost:49755/devtoo..., se:cdpVersion: 107.0.1418.42, setWindowRect: true, strictFileInteractability: false, timeouts: {implicit: 0, pageLoad: 300000, script: 30000}, unhandledPromptBehavior: dismiss and notify, webauthn:extension:credBlob: true, webauthn:extension:largeBlob: true, webauthn:virtualAuthenticators: true}
Element: [[EdgeDriver: msedge on WINDOWS (f2b2d12c1fd5ac282fd006d05efeb5b8)] -> id: total_debt]
Session ID: f2b2d12c1fd5ac282fd006d05efeb5b8
at org.openqa.selenium.remote.codec.w3c.W3CHttpResponseCodec.createException(W3CHttpResponseCodec.java:200)
at org.openqa.selenium.remote.codec.w3c.W3CHttpResponseCodec.decode(W3CHttpResponseCodec.java:133)
at org.openqa.selenium.remote.codec.w3c.W3CHttpResponseCodec.decode(W3CHttpResponseCodec.java:53)
at org.openqa.selenium.remote.HttpCommandExecutor.execute(HttpCommandExecutor.java:184)
at org.openqa.selenium.remote.service.DriverCommandExecutor.invokeExecute(DriverCommandExecutor.java:167)
at org.openqa.selenium.remote.service.DriverCommandExecutor.execute(DriverCommandExecutor.java:142)
at org.openqa.selenium.remote.RemoteWebDriver.execute(RemoteWebDriver.java:569)
at org.openqa.selenium.remote.RemoteWebElement.execute(RemoteWebElement.java:257)
at org.openqa.selenium.remote.RemoteWebElement.click(RemoteWebElement.java:78)
at org.openqa.selenium.support.pagefactory.internal.LocatingElementHandler.invoke(LocatingElementHandler.java:52)
at jdk.proxy2/jdk.proxy2.$Proxy19.click(Unknown Source)
at rahulshettyacademy.pageobjects.MAC.inputexpense(MAC.java:62)
at rahulshettyacademy.TestComponents.RBCTest1.submitOrder(RBCTest1.java:59)
at java.base/java.util.concurrent.FutureTask.run(FutureTask.java:264)
at java.base/java.util.concurrent.ThreadPoolExecutor.runWorker(ThreadPoolExecutor.java:1136)
at java.base/java.util.concurrent.ThreadPoolExecutor$Worker.run(ThreadPoolExecutor.java:635)
at java.base/java.lang.Thread.run(Thread.java:833)
... Removed 19 stack frames]]>
    </failure>
  </testcase> <!-- submitOrder -->
</testsuite> <!-- RBCTest1 -->
